2025-04-09 18:21:23,122 - INFO - ==================================================
2025-04-09 18:21:23,123 - INFO - Starting Stroke Prediction App
2025-04-09 18:21:23,123 - INFO - ==================================================
2025-04-09 18:21:23,275 - INFO - Model loaded successfully: XGBClassifier
2025-04-09 18:21:23,276 - INFO - Preprocessor loaded successfully
2025-04-09 18:21:23,276 - INFO - Feature names loaded: 16 features
2025-04-09 18:21:23,277 - INFO - Model info loaded: XGBoost
2025-04-09 18:21:23,321 - INFO - TreeExplainer initialized for tree-based model
2025-04-09 18:21:28,437 - INFO - [31m[1mWARNING: This is a development server. Do not use it in a production deployment. Use a production WSGI server instead.[0m
 * Running on all addresses (0.0.0.0)
 * Running on http://127.0.0.1:5000
 * Running on http://192.168.1.3:5000
2025-04-09 18:21:28,437 - INFO - [33mPress CTRL+C to quit[0m
2025-04-09 18:21:28,441 - INFO -  * Restarting with stat
2025-04-09 18:21:35,749 - INFO - ==================================================
2025-04-09 18:21:35,750 - INFO - Starting Stroke Prediction App
2025-04-09 18:21:35,751 - INFO - ==================================================
2025-04-09 18:21:35,836 - INFO - Model loaded successfully: XGBClassifier
2025-04-09 18:21:35,837 - INFO - Preprocessor loaded successfully
2025-04-09 18:21:35,837 - INFO - Feature names loaded: 16 features
2025-04-09 18:21:35,838 - INFO - Model info loaded: XGBoost
2025-04-09 18:21:35,889 - INFO - TreeExplainer initialized for tree-based model
2025-04-09 18:21:36,070 - WARNING -  * Debugger is active!
2025-04-09 18:21:36,115 - INFO -  * Debugger PIN: 614-262-245
2025-04-09 18:21:44,506 - INFO - 127.0.0.1 - - [09/Apr/2025 18:21:44] "GET / HTTP/1.1" 200 -
2025-04-09 18:22:08,046 - INFO - ==================================================
2025-04-09 18:22:08,050 - INFO - New prediction request
2025-04-09 18:22:08,056 - INFO - Form data: {'age': '62', 'gender': 'Male', 'hypertension': '1', 'heart_disease': '0', 'ever_married': 'Yes', 'work_type': 'Self-employed', 'Residence_type': 'Urban', 'avg_glucose_level': '144.0', 'bmi': '22.3', 'smoking_status': 'formerly smoked'}
2025-04-09 18:22:08,082 - INFO - Input DataFrame created with shape: (1, 10)
2025-04-09 18:22:08,106 - INFO - Input data preprocessed with shape: (1, 16)
2025-04-09 18:22:08,121 - INFO - Prediction: 0, Probability: 0.1842
2025-04-09 18:22:08,122 - INFO - Creating SHAP visualizations
2025-04-09 18:22:08,139 - ERROR - Error creating SHAP plots: Length of features is not equal to the length of shap_values!
2025-04-09 18:22:08,151 - INFO - 127.0.0.1 - - [09/Apr/2025 18:22:08] "POST /predict HTTP/1.1" 200 -
2025-04-09 18:23:42,731 - INFO - ==================================================
2025-04-09 18:23:42,733 - INFO - New prediction request
2025-04-09 18:23:42,733 - INFO - Form data: {'age': '29', 'gender': 'Male', 'hypertension': '0', 'heart_disease': '0', 'ever_married': 'No', 'work_type': 'Private', 'Residence_type': 'Urban', 'avg_glucose_level': '85.2', 'bmi': '23.1', 'smoking_status': 'never smoked'}
2025-04-09 18:23:42,735 - INFO - Input DataFrame created with shape: (1, 10)
2025-04-09 18:23:42,988 - INFO - Input data preprocessed with shape: (1, 16)
2025-04-09 18:23:43,026 - INFO - Prediction: 0, Probability: 0.0094
2025-04-09 18:23:43,026 - INFO - Creating SHAP visualizations
2025-04-09 18:23:43,085 - ERROR - Error creating SHAP plots: Length of features is not equal to the length of shap_values!
2025-04-09 18:23:43,086 - INFO - 127.0.0.1 - - [09/Apr/2025 18:23:43] "POST /predict HTTP/1.1" 200 -
2025-04-09 18:25:15,953 - INFO - ==================================================
2025-04-09 18:25:15,954 - INFO - New prediction request
2025-04-09 18:25:15,964 - INFO - Form data: {'age': '58', 'gender': 'Female', 'hypertension': '1', 'heart_disease': '0', 'ever_married': 'Yes', 'work_type': 'Private', 'Residence_type': 'Urban', 'avg_glucose_level': '141.5', 'bmi': '30', 'smoking_status': 'formerly smoked'}
2025-04-09 18:25:16,001 - INFO - Input DataFrame created with shape: (1, 10)
2025-04-09 18:25:16,127 - INFO - Input data preprocessed with shape: (1, 16)
2025-04-09 18:25:16,161 - INFO - Prediction: 1, Probability: 0.8687
2025-04-09 18:25:16,161 - INFO - Creating SHAP visualizations
2025-04-09 18:25:16,175 - ERROR - Error creating SHAP plots: Length of features is not equal to the length of shap_values!
2025-04-09 18:25:16,177 - INFO - 127.0.0.1 - - [09/Apr/2025 18:25:16] "POST /predict HTTP/1.1" 200 -
2025-04-09 18:27:26,964 - INFO - ==================================================
2025-04-09 18:27:26,965 - INFO - New prediction request
2025-04-09 18:27:26,966 - INFO - Form data: {'age': '77', 'gender': 'Male', 'hypertension': '1', 'heart_disease': '1', 'ever_married': 'Yes', 'work_type': 'Self-employed', 'Residence_type': 'Rural', 'avg_glucose_level': '230.7', 'bmi': '34.8', 'smoking_status': 'smokes'}
2025-04-09 18:27:26,968 - INFO - Input DataFrame created with shape: (1, 10)
2025-04-09 18:27:27,014 - INFO - Input data preprocessed with shape: (1, 16)
2025-04-09 18:27:27,017 - INFO - Prediction: 0, Probability: 0.2338
2025-04-09 18:27:27,018 - INFO - Creating SHAP visualizations
2025-04-09 18:27:27,085 - ERROR - Error creating SHAP plots: Length of features is not equal to the length of shap_values!
2025-04-09 18:27:27,095 - INFO - 127.0.0.1 - - [09/Apr/2025 18:27:27] "POST /predict HTTP/1.1" 200 -
2025-04-09 18:28:25,046 - INFO - ==================================================
2025-04-09 18:28:25,047 - INFO - New prediction request
2025-04-09 18:28:25,050 - INFO - Form data: {'age': '77', 'gender': 'Male', 'hypertension': '1', 'heart_disease': '1', 'ever_married': 'Yes', 'work_type': 'Self-employed', 'Residence_type': 'Rural', 'avg_glucose_level': '230.7', 'bmi': '34.8', 'smoking_status': 'smokes'}
2025-04-09 18:28:25,051 - INFO - Input DataFrame created with shape: (1, 10)
2025-04-09 18:28:25,131 - INFO - Input data preprocessed with shape: (1, 16)
2025-04-09 18:28:25,143 - INFO - Prediction: 0, Probability: 0.2338
2025-04-09 18:28:25,143 - INFO - Creating SHAP visualizations
2025-04-09 18:28:25,153 - ERROR - Error creating SHAP plots: Length of features is not equal to the length of shap_values!
2025-04-09 18:28:25,156 - INFO - 127.0.0.1 - - [09/Apr/2025 18:28:25] "POST /predict HTTP/1.1" 200 -
2025-04-09 18:28:55,529 - INFO - ==================================================
2025-04-09 18:28:55,529 - INFO - New prediction request
2025-04-09 18:28:55,530 - INFO - Form data: {'age': '77', 'gender': 'Male', 'hypertension': '1', 'heart_disease': '1', 'ever_married': 'Yes', 'work_type': 'Self-employed', 'Residence_type': 'Urban', 'avg_glucose_level': '230.7', 'bmi': '30.4', 'smoking_status': 'never smoked'}
2025-04-09 18:28:55,532 - INFO - Input DataFrame created with shape: (1, 10)
2025-04-09 18:28:55,694 - INFO - Input data preprocessed with shape: (1, 16)
2025-04-09 18:28:55,726 - INFO - Prediction: 1, Probability: 0.7618
2025-04-09 18:28:55,727 - INFO - Creating SHAP visualizations
2025-04-09 18:28:55,794 - ERROR - Error creating SHAP plots: Length of features is not equal to the length of shap_values!
2025-04-09 18:28:55,801 - INFO - 127.0.0.1 - - [09/Apr/2025 18:28:55] "POST /predict HTTP/1.1" 200 -
2025-04-09 20:01:58,014 - INFO -  * Detected change in '/Users/apple1234/Downloads/Brain_Stroke_Prediction_Using_Machine_Learning-main/app.py', reloading
2025-04-09 20:01:59,647 - INFO -  * Restarting with stat
